0 info it worked if it ends with ok
1 verbose cli [ '/usr/local/Cellar/node/5.10.1/bin/node',
1 verbose cli   '/usr/local/bin/npm',
1 verbose cli   'version',
1 verbose cli   'from-git',
1 verbose cli   '-m',
1 verbose cli   'Loading indicators and ES6 promises' ]
2 info using npm@3.8.3
3 info using node@v5.10.1
4 info git [ 'status', '--porcelain' ]
5 verbose stack Error: Git working directory not clean.
5 verbose stack M demo/d3-sunburst-demo.html
5 verbose stack M npm-debug.log
5 verbose stack M package.json
5 verbose stack M src/d3-sunburst-menu.js
5 verbose stack     at checkStdout (/usr/local/lib/node_modules/npm/lib/version.js:213:17)
5 verbose stack     at ChildProcess.exithandler (child_process.js:193:7)
5 verbose stack     at emitTwo (events.js:100:13)
5 verbose stack     at ChildProcess.emit (events.js:185:7)
5 verbose stack     at maybeClose (internal/child_process.js:850:16)
5 verbose stack     at Socket.<anonymous> (internal/child_process.js:323:11)
5 verbose stack     at emitOne (events.js:90:13)
5 verbose stack     at Socket.emit (events.js:182:7)
5 verbose stack     at Pipe._onclose (net.js:475:12)
6 verbose cwd /Users/c/github/d3-sunburst-menu
7 error Darwin 15.4.0
8 error argv "/usr/local/Cellar/node/5.10.1/bin/node" "/usr/local/bin/npm" "version" "from-git" "-m" "Loading indicators and ES6 promises"
9 error node v5.10.1
10 error npm  v3.8.3
11 error Git working directory not clean.
11 error M demo/d3-sunburst-demo.html
11 error M npm-debug.log
11 error M package.json
11 error M src/d3-sunburst-menu.js
12 error If you need help, you may report this error at:
12 error     <https://github.com/npm/npm/issues>
13 verbose exit [ 1, true ]
